[2021-03-29 17:09:41] Текст ошибки:Страница не найдена | Файл:W:\domains\ishop.loc\public\index.php | Строка:7
==================================
[2021-03-29 17:09:48] Текст ошибки:Страница не найдена | Файл:W:\domains\ishop.loc\public\index.php | Строка:7
==================================
[2021-03-29 17:10:31] Текст ошибки:Страница не найдена | Файл:W:\domains\ishop.loc\public\index.php | Строка:7
==================================
[2021-03-29 17:10:44] Текст ошибки:Страница не найдена | Файл:W:\domains\ishop.loc\public\index.php | Строка:7
==================================
[2021-03-29 17:11:07] Текст ошибки:Страница не найдена | Файл:W:\domains\ishop.loc\public\index.php | Строка:7
==================================
[2021-03-29 17:11:27] Текст ошибки:Страница не найдена | Файл:W:\domains\ishop.loc\public\index.php | Строка:7
==================================
[2021-03-29 17:11:44] Текст ошибки:Страница не найдена | Файл:W:\domains\ishop.loc\public\index.php | Строка:7
==================================
[2021-03-29 17:13:28] Текст ошибки:Страница не найдена!!! | Файл:W:\domains\ishop.loc\public\index.php | Строка:7
==================================
[2021-03-29 17:20:25] Текст ошибки:Страница не найдена!!! | Файл:W:\domains\ishop.loc\public\index.php | Строка:7
==================================
[2021-03-29 17:20:30] Текст ошибки:Страница не найдена!!! | Файл:W:\domains\ishop.loc\public\index.php | Строка:7
==================================
[2021-03-29 17:20:37] Текст ошибки:Страница не найдена!!! | Файл:W:\domains\ishop.loc\public\index.php | Строка:7
==================================
[2021-03-29 17:21:11] Текст ошибки:Страница не найдена | Файл:W:\domains\ishop.loc\public\index.php | Строка:7
==================================
[2021-03-29 17:22:04] Текст ошибки:Страница не найдена | Файл:W:\domains\ishop.loc\public\index.php | Строка:7
==================================
[2021-03-29 17:22:22] Текст ошибки:Страница не найдена | Файл:W:\domains\ishop.loc\public\index.php | Строка:7
==================================
[2021-03-29 17:22:30] Текст ошибки:Страница не найдена | Файл:W:\domains\ishop.loc\public\index.php | Строка:7
==================================
[2021-03-29 17:29:21] Текст ошибки:Страница не найдена | Файл:W:\domains\ishop.loc\public\index.php | Строка:7
==================================
[2021-03-29 17:29:34] Текст ошибки:Страница не найдена | Файл:W:\domains\ishop.loc\public\index.php | Строка:7
==================================
[2021-03-29 17:30:07] Текст ошибки:Страница не найдена | Файл:W:\domains\ishop.loc\public\index.php | Строка:7
==================================
[2021-03-29 17:30:16] Текст ошибки:Страница не найдена | Файл:W:\domains\ishop.loc\public\index.php | Строка:7
==================================
[2021-03-30 14:10:26] Текст ошибки:Контролер app\controlers\MainControler не найден | Файл:W:\domains\ishop.loc\vendor\ishop\core\Router.php | Строка:40
==================================
[2021-03-30 14:10:33] Текст ошибки:Страница не найдена | Файл:W:\domains\ishop.loc\vendor\ishop\core\Router.php | Строка:43
==================================
[2021-03-30 14:11:03] Текст ошибки:Контролер app\controlers\MainControler не найден | Файл:W:\domains\ishop.loc\vendor\ishop\core\Router.php | Строка:40
==================================
[2021-03-30 14:12:07] Текст ошибки:Страница не найдена | Файл:W:\domains\ishop.loc\vendor\ishop\core\Router.php | Строка:43
==================================
[2021-03-30 14:12:53] Текст ошибки:Страница не найдена | Файл:W:\domains\ishop.loc\vendor\ishop\core\Router.php | Строка:43
==================================
[2021-03-30 14:16:10] Текст ошибки:Страница не найдена | Файл:W:\domains\ishop.loc\vendor\ishop\core\Router.php | Строка:43
==================================
[2021-03-30 14:17:38] Текст ошибки:Страница не найдена | Файл:W:\domains\ishop.loc\vendor\ishop\core\Router.php | Строка:43
==================================
[2021-03-30 14:17:51] Текст ошибки:Страница не найдена | Файл:W:\domains\ishop.loc\vendor\ishop\core\Router.php | Строка:43
==================================
[2021-03-30 14:22:17] Текст ошибки:Страница не найдена | Файл:W:\domains\ishop.loc\vendor\ishop\core\Router.php | Строка:43
==================================
[2021-03-30 14:24:31] Текст ошибки:Страница не найдена | Файл:W:\domains\ishop.loc\vendor\ishop\core\Router.php | Строка:43
==================================
[2021-03-30 14:30:58] Текст ошибки:Страница не найдена | Файл:W:\domains\ishop.loc\vendor\ishop\core\Router.php | Строка:43
==================================
[2021-03-30 14:32:25] Текст ошибки:Страница не найдена | Файл:W:\domains\ishop.loc\vendor\ishop\core\Router.php | Строка:43
==================================
[2021-03-30 14:37:23] Текст ошибки:Страница не найдена | Файл:W:\domains\ishop.loc\vendor\ishop\core\Router.php | Строка:43
==================================
[2021-03-30 14:38:49] Текст ошибки:Страница не найдена | Файл:W:\domains\ishop.loc\vendor\ishop\core\Router.php | Строка:43
==================================
[2021-03-30 14:40:40] Текст ошибки:Страница не найдена | Файл:W:\domains\ishop.loc\vendor\ishop\core\Router.php | Строка:44
==================================
[2021-03-30 14:49:20] Текст ошибки:Cannot access self:: when no class scope is active | Файл:W:\domains\ishop.loc\public\index.php | Строка:8
==================================
[2021-03-30 14:50:23] Текст ошибки:Страница не найдена | Файл:W:\domains\ishop.loc\vendor\ishop\core\Router.php | Строка:44
==================================
[2021-03-30 14:50:57] Текст ошибки:Страница не найдена | Файл:W:\domains\ishop.loc\vendor\ishop\core\Router.php | Строка:43
==================================
[2021-03-30 14:51:21] Текст ошибки:Страница не найдена | Файл:W:\domains\ishop.loc\vendor\ishop\core\Router.php | Строка:43
==================================
[2021-03-30 14:59:37] Текст ошибки:Call to undefined method ishop\Router::dispatch() | Файл:W:\domains\ishop.loc\vendor\ishop\core\App.php | Строка:18
==================================
[2021-03-30 15:33:37] Текст ошибки:Контролер app\controllers\MainController не найден | Файл:W:\domains\ishop.loc\vendor\ishop\core\Router.php | Строка:57
==================================
[2021-03-30 15:37:57] Текст ошибки:Страница не найдена | Файл:W:\domains\ishop.loc\vendor\ishop\core\Router.php | Строка:60
==================================
[2021-03-30 15:37:59] Текст ошибки:Метод app\controllers\PageController::indexAction не найден | Файл:W:\domains\ishop.loc\vendor\ishop\core\Router.php | Строка:54
==================================
